
A T O M   T Y P E S

IDX	TYPE	RING
1	C_3	NO
2	C_2	NO
3	O_2	NO
4	O_2	NO
5	C_R	AR
6	C_R	AR
7	C_R	AR
8	C_R	AR
9	C_R	AR
10	C_R	AR
11	C_2	NO
12	O_2	NO
13	O_2	NO
14	H_	NO
15	H_	NO
16	H_	NO
17	H_	NO
18	H_	NO
19	H_	NO
20	H_	NO
21	H_	NO

S E T T I N G   U P   C A L C U L A T I O N S

SETTING UP BOND CALCULATIONS...
SETTING UP ANGLE CALCULATIONS...
SETTING UP TORSION CALCULATIONS...
SETTING UP OOP CALCULATIONS...
SETTING UP VAN DER WAALS CALCULATIONS...

S T E E P E S T   D E S C E N T

STEPS = 10000

STEP n       E(n)         E(n-1)    
------------------------------------
    0     279.868      ----
   10    177.69278    179.36863
   20    168.83829    169.37594
   30    165.10733    165.39844
   40    162.70506    162.92060
   50    160.73984    160.92940
   60    158.91694    159.09971
   70    157.10311    157.28966
   80    155.20711    155.40651
   90    153.13317    153.35665
  100    150.74675    151.01188
  110    147.81606    148.15661
  120    145.73816    145.76117
  130    145.51469    145.53693
  140    145.29658    145.31846
  150    145.08024    145.10210
  160    144.86217    144.88437
  170    144.63875    144.66167
  180    144.40598    144.43006
  190    144.15917    144.18492
  200    143.89251    143.92060
  210    143.59846    143.62978
  220    143.26675    143.30252
  230    142.88269    142.92472
  240    142.42419    142.47529
  250    141.85782    141.92087
  260    141.68219    141.69010
  270    141.60347    141.61143
  280    141.52388    141.53196
  290    141.44257    141.45087
  300    141.35862    141.36723
  310    141.27097    141.28002
  320    141.17841    141.18802
  330    141.07942    141.08976
  340    140.97215    140.98343
  350    140.85416    140.86667
  360    140.72224    140.73636
  370    140.57193    140.58819
  380    140.39679    140.41599
  390    140.22064    140.22517
  400    140.18779    140.19103
  410    140.15549    140.15876
  420    140.12285    140.12616
  430    140.08963    140.09301
  440    140.05561    140.05908
  450    140.02053    140.02412
  460    139.98409    139.98783
  470    139.94596    139.94989
  480    139.90575    139.90991
  490    139.86297    139.86741
  500    139.81703    139.82183
  510    139.76721    139.77244
  520    139.71254    139.71832
  530    139.65178    139.65825
  540    139.58330    139.59055
  550    139.54993    139.55163
  560    139.53284    139.53457
  570    139.51540    139.51717
  580    139.49752    139.49934
  590    139.47910    139.48098
  600    139.46002    139.46197
  610    139.44014    139.44218
  620    139.41930    139.42145
  630    139.39733    139.39960
  640    139.37399    139.37641
  650    139.34899    139.35160
  660    139.32200    139.32482
  670    139.29253    139.29563
  680    139.25999    139.26344
  690    139.24092    139.24187
  700    139.23131    139.23229
  710    139.22151    139.22251
  720    139.21147    139.21249
  730    139.20113    139.20218
  740    139.19044    139.19153
  750    139.17934    139.18048
  760    139.16774    139.16894
  770    139.15556    139.15681
  780    139.14267    139.14400
  790    139.12892    139.13035
  800    139.11415    139.11569
  810    139.09810    139.09978
  820    139.08043    139.08230
  830    139.06215    139.06330
  840    139.05619    139.05673
  850    139.05078    139.05133
  860    139.04525    139.04581
  870    139.03956    139.04014
  880    139.03368    139.03428
  890    139.02758    139.02820
  900    139.02121    139.02186
  910    139.01450    139.01519
  920    139.00739    139.00813
  930    138.99979    139.00058
  940    138.99159    138.99245
  950    138.98261    138.98356
  960    138.97264    138.97371
  970    138.96142    138.96259
  980    138.95634    138.95666
  990    138.95311    138.95344
 1000    138.94979    138.95013
 1010    138.94636    138.94671
 1020    138.94278    138.94315
 1030    138.93903    138.93942
 1040    138.93506    138.93547
 1050    138.93081    138.93125
 1060    138.92623    138.92671
 1070    138.92120    138.92173
 1080    138.91560    138.91620
 1090    138.90922    138.90991
 1100    138.90178    138.90257
 1110    138.89765    138.89787
 1120    138.89541    138.89564
 1130    138.89306    138.89330
 1140    138.89056    138.89082
 1150    138.88788    138.88816
 1160    138.88495    138.88526
 1170    138.88170    138.88204
 1180    138.87803    138.87842
 1190    138.87375    138.87422
 1200    138.86859    138.86917
 1210    138.86393    138.86407
 1220    138.86262    138.86275
 1230    138.86128    138.86141
 1240    138.85988    138.86002
 1250    138.85841    138.85856
 1260    138.85683    138.85699
 1270    138.85512    138.85530
 1280    138.85323    138.85343
 1290    138.85109    138.85132
 1300    138.84859    138.84886
 1310    138.84555    138.84589
 1320    138.84162    138.84208
 1330    138.83665    138.83688
 1340    138.83563    138.83571
 1350    138.83481    138.83489
 1360    138.83399    138.83407
 1370    138.83314    138.83323
 1380    138.83227    138.83236
 1390    138.83133    138.83143
 1400    138.83031    138.83042
 1410    138.82915    138.82928
 1420    138.82781    138.82796
 1430    138.82616    138.82635
 1440    138.82404    138.82429
 1450    138.82101    138.82140
 1460    138.81870    138.81878
 1470    138.81792    138.81801
 1480    138.81701    138.81711
 1490    138.81590    138.81602
 1500    138.81443    138.81460
 1510    138.81224    138.81253
 1520    138.81090    138.81095
 1530    138.81041    138.81046
 1540    138.80995    138.80999
 1550    138.80949    138.80954
 1560    138.80903    138.80908
 1570    138.80853    138.80858
 1580    138.80796    138.80802
 1590    138.80728    138.80736
 1600    138.80640    138.80650
 1610    138.80510    138.80527
 1620    138.80271    138.80307
 1630    138.80168    138.80172
 1640    138.80131    138.80135
 1650    138.80097    138.80101
 1660    138.80065    138.80068
 1670    138.80031    138.80035
 1680    138.79993    138.79998
 1690    138.79948    138.79953
 1700    138.79885    138.79893
 1710    138.79782    138.79796
 1720    138.79551    138.79593
 1730    138.79474    138.79477
 1740    138.79450    138.79453
 1750    138.79427    138.79429
 1760    138.79400    138.79403
 1770    138.79368    138.79372
 1780    138.79321    138.79327
 1790    138.79229    138.79243
 1800    138.79033    138.79034
 1810    138.79014    138.79016
 1820    138.78997    138.78998
 1830    138.78978    138.78980
 1840    138.78953    138.78956
 1850    138.78910    138.78916
 1860    138.78776    138.78806
    STEEPEST DESCENT HAS CONVERGED
1 molecule converted
