
A T O M   T Y P E S

IDX	TYPE	RING
1	C_R	AR
2	C_R	AR
3	C_R	AR
4	C_R	AR
5	C_R	AR
6	C_R	AR
7	C_3	NO
8	C_2	NO
9	O_2	NO
10	O_2	NO
11	N_2	NO
12	C_R	AR
13	C_R	AR
14	C_R	AR
15	C_R	AR
16	C_R	AR
17	C_R	AR
18	Cl	NO
19	Cl	NO
20	H_	NO
21	H_	NO
22	H_	NO
23	H_	NO
24	H_	NO
25	H_	NO
26	H_	NO
27	H_	NO
28	H_	NO
29	H_	NO
30	H_	NO

S E T T I N G   U P   C A L C U L A T I O N S

SETTING UP BOND CALCULATIONS...
SETTING UP ANGLE CALCULATIONS...
SETTING UP TORSION CALCULATIONS...
SETTING UP OOP CALCULATIONS...
SETTING UP VAN DER WAALS CALCULATIONS...

S T E E P E S T   D E S C E N T

STEPS = 10000

STEP n       E(n)         E(n-1)    
------------------------------------
    0     360.864      ----
   10    301.69973    303.39736
   20    292.22565    292.81743
   30    288.14381    288.44561
   40    285.82246    286.01029
   50    284.27018    284.40315
   60    283.11655    283.21917
   70    282.19524    282.27940
   80    281.41995    281.49221
   90    280.74042    280.80480
  100    280.12422    280.18344
  110    279.54806    279.60419
  120    278.99265    279.04755
  130    278.43891    278.49457
  140    277.86424    277.92318
  150    277.23859    277.30427
  160    276.52063    276.59776
  170    275.65610    275.75061
  180    274.58303    274.70109
  190    273.24805    273.39382
  200    271.63719    271.80931
  210    269.80368    269.99357
  220    267.86449    268.05855
  230    265.96011    266.14472
  240    264.20721    264.37273
  250    262.67447    262.81630
  260    261.38449    261.50208
  270    260.32783    260.42311
  280    259.48611    259.55862
  290    259.13757    259.16225
  300    258.90258    258.92500
  310    258.68842    258.70888
  320    258.49253    258.51126
  330    258.31246    258.32971
  340    258.14590    258.16190
  350    257.99054    258.00551
  360    257.84413    257.85827
  370    257.70603    257.71932
  380    257.57697    257.58932
  390    257.44940    257.46220
  400    257.31654    257.32803
  410    257.28986    257.29219
  420    257.26597    257.26837
  430    257.24100    257.24353
  440    257.21396    257.21675
  450    257.18336    257.18658
  460    257.14653    257.15052
  470    257.09770    257.10324
  480    257.01954    257.02933
  490    256.92554    256.92618
  500    256.91899    256.91964
  510    256.91207    256.91279
  520    256.90399    256.90486
  530    256.89325    256.89448
  540    256.87586    256.87805
  550    256.83222    256.83910
  560    256.76977    256.77004
  570    256.76667    256.76701
  580    256.76206    256.76263
  590    256.75047    256.75234
  600    256.67959    256.67972
  610    256.67880    256.67892
  620    256.67239    256.67255
  630    256.67162    256.67169
  640    256.65623    256.66908
    STEEPEST DESCENT HAS CONVERGED
1 molecule converted
