
A T O M   T Y P E S

IDX	TYPE	RING
1	C_3	NO
2	C_3	NO
3	C_3	NO
4	C_3	NO
5	C_R	AR
6	C_R	AR
7	C_R	AR
8	C_R	AR
9	C_R	AR
10	C_R	AR
11	C_3	NO
12	C_3	NO
13	C_2	NO
14	O_2	NO
15	O_2	NO
16	H_	NO
17	H_	NO
18	H_	NO
19	H_	NO
20	H_	NO
21	H_	NO
22	H_	NO
23	H_	NO
24	H_	NO
25	H_	NO
26	H_	NO
27	H_	NO
28	H_	NO
29	H_	NO
30	H_	NO
31	H_	NO
32	H_	NO
33	H_	NO

S E T T I N G   U P   C A L C U L A T I O N S

SETTING UP BOND CALCULATIONS...
SETTING UP ANGLE CALCULATIONS...
SETTING UP TORSION CALCULATIONS...
SETTING UP OOP CALCULATIONS...
SETTING UP VAN DER WAALS CALCULATIONS...

S T E E P E S T   D E S C E N T

STEPS = 10000

STEP n       E(n)         E(n-1)    
------------------------------------
    0     156.383      ----
   10    124.87050    125.81197
   20    119.56165    119.90473
   30    116.98313    117.19748
   40    115.05889    115.24044
   50    113.29149    113.46649
   60    111.54182    111.71734
   70    109.78091    109.95741
   80    108.02027    108.19566
   90    106.28638    106.45774
  100    104.60874    104.77320
  110    103.01369    103.16885
  120    101.52135    101.66553
  130    100.14481    100.27701
  140    98.89048    99.01034
  150    97.75921    97.86685
  160    96.74758    96.84351
  170    95.84922    95.93417
  180    95.05589    95.13074
  190    94.35840    94.42409
  200    93.74726    93.80474
  210    93.21314    93.26333
  220    92.74718    92.79094
  230    92.34118    92.37929
  240    91.98766    92.02084
  250    91.67992    91.70880
  260    91.41200    91.43714
  270    91.17864    91.20054
  280    90.97524    90.99434
  290    90.79779    90.81446
  300    90.64280    90.65737
  310    90.50726    90.52001
  320    90.38855    90.39973
  330    90.28442    90.29423
  340    90.19291    90.20154
  350    90.11236    90.11996
  360    90.04130    90.04801
  370    89.97850    89.98443
  380    89.92287    89.92813
  390    89.87348    89.87816
  400    89.82953    89.83370
  410    89.79034    89.79406
  420    89.75529    89.75862
  430    89.72387    89.72686
  440    89.69564    89.69833
  450    89.67019    89.67262
  460    89.64720    89.64939
  470    89.62635    89.62835
  480    89.60740    89.60921
  490    89.59013    89.59178
  500    89.57435    89.57587
  510    89.55990    89.56129
  520    89.54663    89.54790
  530    89.53440    89.53558
  540    89.52311    89.52420
  550    89.51265    89.51366
  560    89.50294    89.50388
  570    89.49391    89.49478
  580    89.48548    89.48630
  590    89.47760    89.47836
  600    89.47021    89.47093
  610    89.46327    89.46395
  620    89.45675    89.45738
  630    89.45059    89.45119
  640    89.44477    89.44534
  650    89.43927    89.43981
  660    89.43405    89.43456
  670    89.42910    89.42958
  680    89.42439    89.42485
  690    89.41990    89.42034
  700    89.41562    89.41604
  710    89.41154    89.41194
  720    89.40764    89.40802
  730    89.40390    89.40427
  740    89.40032    89.40067
  750    89.39688    89.39722
  760    89.39359    89.39391
  770    89.39042    89.39073
  780    89.38737    89.38767
  790    89.38443    89.38472
  800    89.38160    89.38188
  810    89.37887    89.37914
  820    89.37623    89.37649
  830    89.37369    89.37394
  840    89.37122    89.37146
  850    89.36883    89.36907
  860    89.36652    89.36675
  870    89.36428    89.36450
  880    89.36210    89.36231
  890    89.35998    89.36019
  900    89.35792    89.35812
  910    89.35591    89.35611
  920    89.35396    89.35415
  930    89.35205    89.35224
  940    89.35018    89.35037
  950    89.34836    89.34854
  960    89.34658    89.34675
  970    89.34483    89.34500
  980    89.34311    89.34328
  990    89.34142    89.34159
 1000    89.33976    89.33993
 1010    89.33812    89.33829
 1020    89.33650    89.33667
 1030    89.33490    89.33506
 1040    89.33332    89.33348
 1050    89.33175    89.33190
 1060    89.33018    89.33034
 1070    89.32863    89.32878
 1080    89.32707    89.32723
 1090    89.32552    89.32567
 1100    89.32395    89.32411
 1110    89.32237    89.32253
 1120    89.32077    89.32093
 1130    89.31914    89.31931
 1140    89.31749    89.31766
 1150    89.31578    89.31596
 1160    89.31403    89.31421
 1170    89.31221    89.31240
 1180    89.31030    89.31050
 1190    89.30828    89.30849
 1200    89.30609    89.30631
 1210    89.30499    89.30506
 1220    89.30434    89.30441
 1230    89.30367    89.30374
 1240    89.30299    89.30306
 1250    89.30230    89.30237
 1260    89.30158    89.30165
 1270    89.30083    89.30091
 1280    89.30004    89.30012
 1290    89.29921    89.29929
 1300    89.29832    89.29841
 1310    89.29737    89.29746
 1320    89.29631    89.29643
 1330    89.29511    89.29524
 1340    89.29428    89.29431
 1350    89.29399    89.29402
 1360    89.29368    89.29372
 1370    89.29337    89.29340
 1380    89.29303    89.29307
 1390    89.29267    89.29271
 1400    89.29228    89.29233
 1410    89.29185    89.29190
 1420    89.29135    89.29141
 1430    89.29077    89.29084
 1440    89.29008    89.29015
 1450    89.28931    89.28933
 1460    89.28916    89.28918
 1470    89.28901    89.28903
 1480    89.28886    89.28888
 1490    89.28870    89.28872
 1500    89.28852    89.28854
 1510    89.28833    89.28835
 1520    89.28810    89.28812
 1530    89.28783    89.28786
 1540    89.28749    89.28753
 1550    89.28704    89.28709
    STEEPEST DESCENT HAS CONVERGED
1 molecule converted
