
A T O M   T Y P E S

IDX	TYPE	RING
1	C_3	NO
2	C_3	NO
3	C_R	AR
4	C_R	AR
5	C_R	AR
6	C_R	AR
7	C_R	AR
8	C_R	AR
9	C_R	AR
10	C_R	AR
11	C_R	AR
12	C_R	AR
13	O_2	NO
14	C_3	NO
15	C_2	NO
16	O_2	NO
17	O_2	NO
18	H_	NO
19	H_	NO
20	H_	NO
21	H_	NO
22	H_	NO
23	H_	NO
24	H_	NO
25	H_	NO
26	H_	NO
27	H_	NO
28	H_	NO
29	H_	NO
30	H_	NO
31	H_	NO

S E T T I N G   U P   C A L C U L A T I O N S

SETTING UP BOND CALCULATIONS...
SETTING UP ANGLE CALCULATIONS...
SETTING UP TORSION CALCULATIONS...
SETTING UP OOP CALCULATIONS...
SETTING UP VAN DER WAALS CALCULATIONS...

S T E E P E S T   D E S C E N T

STEPS = 10000

STEP n       E(n)         E(n-1)    
------------------------------------
    0     224.896      ----
   10    175.91390    176.95974
   20    169.92201    170.29999
   30    167.38034    167.56296
   40    166.03513    166.14016
   50    165.20480    165.27377
   60    164.62918    164.67920
   70    164.19434    164.23340
   80    163.84411    163.87637
   90    163.54777    163.57560
  100    163.28702    163.31189
  110    163.05028    163.07315
  120    162.82983    162.85134
  130    162.62029    162.64090
  140    162.41778    162.43783
  150    162.21936    162.23911
  160    162.02271    162.04238
  170    161.82593    161.84569
  180    161.62737    161.64738
  190    161.42557    161.44596
  200    161.21915    161.24006
  210    161.00682    161.02839
  220    160.78734    160.80968
  230    160.55946    160.58269
  240    160.32196    160.34621
  250    160.07361    160.09900
  260    159.81318    159.83984
  270    159.53946    159.56750
  280    159.25120    159.28075
  290    158.94720    158.97838
  300    158.62625    158.65918
  310    158.28718    158.32198
  320    157.92888    157.96565
  330    157.55029    157.58914
  340    157.15045    157.19146
  350    156.72849    156.77175
  360    156.28370    156.32927
  370    155.81553    155.86346
  380    155.32361    155.37393
  390    154.80780    154.86051
  400    154.26820    154.32327
  410    153.70517    153.76257
  420    153.11938    153.17901
  430    152.51176    152.57353
  440    151.88358    151.94734
  450    151.23638    151.30197
  460    150.57204    150.63925
  470    149.89268    149.96129
  480    149.20069    149.27045
  490    148.49868    148.56932
  500    147.78943    147.86067
  510    147.07589    147.14742
  520    146.36106    146.43259
  530    145.64800    145.71921
  540    144.93975    145.01035
  550    144.23930    144.30899
  560    143.54951    143.61801
  570    142.87311    142.94015
  580    142.21262    142.27796
  590    141.57036    141.63378
  600    140.94840    141.00970
  610    140.34854    140.40756
  620    139.77233    139.82892
  630    139.22102    139.27508
  640    138.69562    138.74705
  650    138.19684    138.24558
  660    137.72515    137.77117
  670    137.28085    137.32410
  680    136.86595    136.90575
  690    136.52420    136.55165
  700    136.28120    136.30424
  710    136.05806    136.07984
  720    135.84694    135.86754
  730    135.64732    135.66679
  740    135.45882    135.47720
  750    135.28103    135.29836
  760    135.11355    135.12986
  770    134.95595    134.97129
  780    134.80783    134.82224
  790    134.66878    134.68230
  800    134.53839    134.55107
  810    134.41627    134.42813
  820    134.30202    134.31311
  830    134.19525    134.20562
  840    134.09560    134.10527
  850    134.00270    134.01171
  860    133.91619    133.92458
  870    133.83574    133.84354
  880    133.76101    133.76825
  890    133.69169    133.69840
  900    133.62747    133.63368
  910    133.56805    133.57380
  920    133.51317    133.51847
  930    133.46254    133.46743
  940    133.41591    133.42041
  950    133.37379    133.37758
  960    133.34756    133.34962
  970    133.32774    133.32967
  980    133.30901    133.31084
  990    133.29129    133.29302
 1000    133.27452    133.27616
 1010    133.25866    133.26021
 1020    133.24367    133.24513
 1030    133.22949    133.23087
 1040    133.21608    133.21739
 1050    133.20341    133.20465
 1060    133.19143    133.19260
 1070    133.18011    133.18122
 1080    133.16941    133.17046
 1090    133.15930    133.16029
 1100    133.14974    133.15068
 1110    133.14071    133.14160
 1120    133.13220    133.13303
 1130    133.12415    133.12493
 1140    133.11654    133.11729
 1150    133.10936    133.11006
 1160    133.10258    133.10324
 1170    133.09617    133.09680
 1180    133.09086    133.09116
 1190    133.08852    133.08874
 1200    133.08633    133.08655
 1210    133.08421    133.08442
 1220    133.08215    133.08235
 1230    133.08015    133.08035
 1240    133.07821    133.07840
 1250    133.07631    133.07650
 1260    133.07446    133.07465
 1270    133.07266    133.07284
 1280    133.07090    133.07108
 1290    133.06918    133.06935
 1300    133.06748    133.06765
 1310    133.06580    133.06597
 1320    133.06415    133.06431
 1330    133.06248    133.06265
 1340    133.06131    133.06136
 1350    133.06083    133.06088
 1360    133.06036    133.06041
 1370    133.05988    133.05993
 1380    133.05940    133.05945
 1390    133.05891    133.05896
 1400    133.05841    133.05846
 1410    133.05788    133.05793
 1420    133.05734    133.05739
 1430    133.05675    133.05681
 1440    133.05611    133.05618
 1450    133.05539    133.05547
 1460    133.05502    133.05504
 1470    133.05489    133.05491
 1480    133.05476    133.05477
 1490    133.05461    133.05463
 1500    133.05446    133.05448
 1510    133.05429    133.05431
 1520    133.05409    133.05411
 1530    133.05384    133.05387
 1540    133.05351    133.05355
    STEEPEST DESCENT HAS CONVERGED
1 molecule converted
