AutoDock Vina v1.2.5
#################################################################
# If you used AutoDock Vina in your work, please cite:          #
#                                                               #
# J. Eberhardt, D. Santos-Martins, A. F. Tillack, and S. Forli  #
# AutoDock Vina 1.2.0: New Docking Methods, Expanded Force      #
# Field, and Python Bindings, J. Chem. Inf. Model. (2021)       #
# DOI 10.1021/acs.jcim.1c00203                                  #
#                                                               #
# O. Trott, A. J. Olson,                                        #
# AutoDock Vina: improving the speed and accuracy of docking    #
# with a new scoring function, efficient optimization and       #
# multithreading, J. Comp. Chem. (2010)                         #
# DOI 10.1002/jcc.21334                                         #
#                                                               #
# Please see https://github.com/ccsb-scripps/AutoDock-Vina for  #
# more information.                                             #
#################################################################

Scoring function : vina
Rigid receptor: /content/UEM/DOCKING/4PH9_prot_A.pdbqt
Ligand: /content/UEM/DOCKING/Naproxeno/Naproxeno.pdbqt
Grid center: X 13.01 Y 23.49 Z 25.26
Grid size  : X 22.5 Y 22.5 Z 22.5
Grid space : 0.375
Exhaustiveness: 16
CPU: 2
Verbosity: 2

Computing Vina grid ... done.
Performing docking (random seed: -1443840906) ... 
0%   10   20   30   40   50   60   70   80   90   100%
|----|----|----|----|----|----|----|----|----|----|
***************************************************
done.
ENERGY FROM SEARCH: -10.371
FINAL ENERGY: 
Estimated Free Energy of Binding   : -8.352 (kcal/mol) [=(1)+(2)+(3)-(4)]
(1) Final Intermolecular Energy    : -10.061 (kcal/mol)
    Ligand - Receptor              : -10.061 (kcal/mol)
    Ligand - Flex side chains      : 0.000 (kcal/mol)
(2) Final Total Internal Energy    : -0.310 (kcal/mol)
    Ligand                         : -0.310 (kcal/mol)
    Flex   - Receptor              : 0.000 (kcal/mol)
    Flex   - Flex side chains      : 0.000 (kcal/mol)
(3) Torsional Free Energy          : 1.709 (kcal/mol)
(4) Unbound System's Energy        : -0.310 (kcal/mol)
ENERGY FROM SEARCH: -10.161
FINAL ENERGY: 
Estimated Free Energy of Binding   : -8.178 (kcal/mol) [=(1)+(2)+(3)-(4)]
(1) Final Intermolecular Energy    : -10.085 (kcal/mol)
    Ligand - Receptor              : -10.085 (kcal/mol)
    Ligand - Flex side chains      : 0.000 (kcal/mol)
(2) Final Total Internal Energy    : -0.076 (kcal/mol)
    Ligand                         : -0.076 (kcal/mol)
    Flex   - Receptor              : 0.000 (kcal/mol)
    Flex   - Flex side chains      : 0.000 (kcal/mol)
(3) Torsional Free Energy          : 1.673 (kcal/mol)
(4) Unbound System's Energy        : -0.310 (kcal/mol)
ENERGY FROM SEARCH: -9.389
FINAL ENERGY: 
Estimated Free Energy of Binding   : -7.537 (kcal/mol) [=(1)+(2)+(3)-(4)]
(1) Final Intermolecular Energy    : -9.098 (kcal/mol)
    Ligand - Receptor              : -9.098 (kcal/mol)
    Ligand - Flex side chains      : 0.000 (kcal/mol)
(2) Final Total Internal Energy    : -0.291 (kcal/mol)
    Ligand                         : -0.291 (kcal/mol)
    Flex   - Receptor              : 0.000 (kcal/mol)
    Flex   - Flex side chains      : 0.000 (kcal/mol)
(3) Torsional Free Energy          : 1.542 (kcal/mol)
(4) Unbound System's Energy        : -0.310 (kcal/mol)
ENERGY FROM SEARCH: -9.230
FINAL ENERGY: 
Estimated Free Energy of Binding   : -7.405 (kcal/mol) [=(1)+(2)+(3)-(4)]
(1) Final Intermolecular Energy    : -9.177 (kcal/mol)
    Ligand - Receptor              : -9.177 (kcal/mol)
    Ligand - Flex side chains      : 0.000 (kcal/mol)
(2) Final Total Internal Energy    : -0.053 (kcal/mol)
    Ligand                         : -0.053 (kcal/mol)
    Flex   - Receptor              : 0.000 (kcal/mol)
    Flex   - Flex side chains      : 0.000 (kcal/mol)
(3) Torsional Free Energy          : 1.515 (kcal/mol)
(4) Unbound System's Energy        : -0.310 (kcal/mol)
ENERGY FROM SEARCH: -8.686
FINAL ENERGY: 
Estimated Free Energy of Binding   : -6.953 (kcal/mol) [=(1)+(2)+(3)-(4)]
(1) Final Intermolecular Energy    : -8.612 (kcal/mol)
    Ligand - Receptor              : -8.612 (kcal/mol)
    Ligand - Flex side chains      : 0.000 (kcal/mol)
(2) Final Total Internal Energy    : -0.074 (kcal/mol)
    Ligand                         : -0.074 (kcal/mol)
    Flex   - Receptor              : 0.000 (kcal/mol)
    Flex   - Flex side chains      : 0.000 (kcal/mol)
(3) Torsional Free Energy          : 1.423 (kcal/mol)
(4) Unbound System's Energy        : -0.310 (kcal/mol)
ENERGY FROM SEARCH: -8.566
FINAL ENERGY: 
Estimated Free Energy of Binding   : -6.854 (kcal/mol) [=(1)+(2)+(3)-(4)]
(1) Final Intermolecular Energy    : -8.298 (kcal/mol)
    Ligand - Receptor              : -8.298 (kcal/mol)
    Ligand - Flex side chains      : 0.000 (kcal/mol)
(2) Final Total Internal Energy    : -0.268 (kcal/mol)
    Ligand                         : -0.268 (kcal/mol)
    Flex   - Receptor              : 0.000 (kcal/mol)
    Flex   - Flex side chains      : 0.000 (kcal/mol)
(3) Torsional Free Energy          : 1.402 (kcal/mol)
(4) Unbound System's Energy        : -0.310 (kcal/mol)
ENERGY FROM SEARCH: -8.457
FINAL ENERGY: 
Estimated Free Energy of Binding   : -6.764 (kcal/mol) [=(1)+(2)+(3)-(4)]
(1) Final Intermolecular Energy    : -8.225 (kcal/mol)
    Ligand - Receptor              : -8.225 (kcal/mol)
    Ligand - Flex side chains      : 0.000 (kcal/mol)
(2) Final Total Internal Energy    : -0.232 (kcal/mol)
    Ligand                         : -0.232 (kcal/mol)
    Flex   - Receptor              : 0.000 (kcal/mol)
    Flex   - Flex side chains      : 0.000 (kcal/mol)
(3) Torsional Free Energy          : 1.384 (kcal/mol)
(4) Unbound System's Energy        : -0.310 (kcal/mol)
ENERGY FROM SEARCH: -8.362
FINAL ENERGY: 
Estimated Free Energy of Binding   : -6.685 (kcal/mol) [=(1)+(2)+(3)-(4)]
(1) Final Intermolecular Energy    : -8.859 (kcal/mol)
    Ligand - Receptor              : -8.859 (kcal/mol)
    Ligand - Flex side chains      : 0.000 (kcal/mol)
(2) Final Total Internal Energy    : 0.497 (kcal/mol)
    Ligand                         : 0.497 (kcal/mol)
    Flex   - Receptor              : 0.000 (kcal/mol)
    Flex   - Flex side chains      : 0.000 (kcal/mol)
(3) Torsional Free Energy          : 1.368 (kcal/mol)
(4) Unbound System's Energy        : -0.310 (kcal/mol)
ENERGY FROM SEARCH: -7.989
FINAL ENERGY: 
Estimated Free Energy of Binding   : -6.375 (kcal/mol) [=(1)+(2)+(3)-(4)]
(1) Final Intermolecular Energy    : -7.668 (kcal/mol)
    Ligand - Receptor              : -7.668 (kcal/mol)
    Ligand - Flex side chains      : 0.000 (kcal/mol)
(2) Final Total Internal Energy    : -0.321 (kcal/mol)
    Ligand                         : -0.321 (kcal/mol)
    Flex   - Receptor              : 0.000 (kcal/mol)
    Flex   - Flex side chains      : 0.000 (kcal/mol)
(3) Torsional Free Energy          : 1.304 (kcal/mol)
(4) Unbound System's Energy        : -0.310 (kcal/mol)

mode |   affinity | dist from best mode
     | (kcal/mol) | rmsd l.b.| rmsd u.b.
-----+------------+----------+----------
   1      -8.3523     0.0000     0.0000
   2      -8.1782     1.2822     6.5089
   3      -7.5372     0.8875     2.0318
   4      -7.4054     1.2113     6.3312
   5      -6.9534     3.9362     5.3619
   6      -6.8542     3.4540     5.9440
   7      -6.7638     3.0338     6.2288
   8      -6.6845     3.2192     4.2653
   9      -6.3749    10.1365    12.4827
