#"Step","Potential Energy (kJ/mole)","Kinetic Energy (kJ/mole)","Total Energy (kJ/mole)","Temperature (K)","Box Volume (nm^3)","Speed (ns/day)"
500,-693577.6564196148,141956.71072003292,-551620.9456995819,303.4635795460054,556.7079881823922,0
1000,-691470.4706799528,144322.51242913707,-547147.9582508157,308.52099917413915,555.8457392952714,99.4
1500,-691693.4706799528,145647.5483157021,-546045.9223642506,311.35355376859553,555.8457392952714,99
2000,-692639.0504531437,144527.46874867612,-548111.5817044675,308.9591382241525,553.6779338779365,98.7
2500,-692655.5812846636,145116.29035155926,-547539.2909331043,310.2178734429288,552.6191698813343,98.6
3000,-693191.7567158155,144481.57584181544,-548710.1808740001,308.86103207812346,550.6023557072405,98.4
3500,-692348.2899377914,144846.1559228899,-547502.1340149015,309.6404019006056,550.9461909520586,98.3
4000,-691720.4448084179,145265.69696181233,-546454.7478466056,310.53726281540196,549.152165452725,98.2
4500,-692113.4240151467,145529.27617255074,-546584.1478425959,311.1007211427954,547.3251384319245,98
5000,-692478.5616512406,145329.0213453914,-547149.5403058492,310.6726325630946,545.420212810216,94.3
5500,-692425.3446304561,145260.2865792208,-547165.0580512353,310.5256969369055,543.4409143606687,94.6
6000,-693774.7756629023,145127.13373969565,-548647.6419232066,310.24105356144224,543.314603237196,94.7
6500,-694257.2436834872,145068.0939296187,-549189.1497538685,310.1148430285919,542.4387193748503,94.8
7000,-694042.172157492,145609.7214928876,-548432.4506646044,311.27269064492975,542.7189329125229,94.9
7500,-694069.6909950781,143719.47299108238,-550350.2180039957,307.2318702167882,542.6825511370992,95
8000,-694108.8385953247,144816.4667997051,-549292.3717956196,309.57693489330774,542.0881158751623,95
8500,-694259.945755891,145818.44499003352,-548441.5007658575,311.71888286266983,541.8037466518659,95
9000,-693323.7711153459,145537.41811655683,-547786.352998789,311.1181263324481,542.2998468718228,95.1
9500,-695037.9400546374,145254.68094659364,-549783.2591080437,310.5137136686681,541.0636716746017,95.1
10000,-695990.6630231026,144885.27101763187,-551105.3920054707,309.7240189878463,541.1345744656758,90.8
10500,-695029.697422279,144032.74345698307,-550996.953965296,307.90155449212875,540.6258623148295,91
11000,-694754.0765736708,144793.97569648235,-549960.1008771885,309.5288552311537,539.9379085896779,91.1
11500,-694408.4047683356,144245.83560217422,-550162.5691661614,308.3570856524722,539.7600481512758,91.3
12000,-693972.9121690732,144872.31491076923,-549100.597258304,309.6963224700447,540.5970239767747,91.4
12500,-694007.6031087954,144489.72751132742,-549517.8755974679,308.8784580581763,541.8499678481814,91.5
13000,-694952.9614880141,146033.35502710508,-548919.606460909,312.178300165306,540.3890571343222,91.6
13500,-694246.5015633595,145837.35721586423,-548409.1443474953,311.75931189007304,541.6613736402779,91.7
14000,-693096.6873581847,145620.02158599382,-547476.6657721909,311.29470935125096,542.1760631643373,91.8
14500,-692362.0266204001,145074.3875451492,-547287.639075251,310.1282970110593,541.354842039295,91.9
15000,-694189.0790029308,145151.15810981276,-549037.920893118,310.29241091760457,541.1122428047066,90.2
15500,-694496.4514578725,144935.68726367364,-549560.7641941989,309.83179476268293,540.3904029770392,90.3
16000,-693962.8009801661,145133.4717650454,-548829.3292151206,310.254602479631,540.4776982835037,90.3
16500,-693825.6896078847,144917.3958327335,-548908.2937751513,309.792692820408,542.3784374094972,89.5
17000,-694701.8975593015,144517.00727167676,-550184.8902876247,308.93677452439175,541.675395006444,88.9
17500,-695253.8431110852,143821.26251661748,-551432.5805944677,307.44946763520187,540.6398713709715,89
18000,-695362.0949636209,144385.38882063061,-550976.7061429903,308.6554112405698,540.1699670589326,89.1
18500,-695273.0018066801,144548.00852485717,-550724.9932818229,309.00304649711376,539.7470582015687,88.5
19000,-695232.2739232979,144393.091214391,-550839.1827089069,308.671876795243,540.649163733013,88.7
19500,-695595.1654340941,145395.58679144317,-550199.578642651,310.81493079211447,540.0934945000837,88.8
20000,-695232.1013727509,146062.28323422914,-549169.8181385219,312.24014054776615,539.4995871966588,88.3
20500,-694853.2691104156,144917.39112276916,-549935.8779876465,309.792682751827,539.3434613184711,88.5
21000,-695093.1890585716,145300.8296656406,-549792.359392931,310.6123666693077,539.8223986671409,88.6
21500,-694377.243146555,145079.77954542416,-549297.4636011309,310.13982359332556,540.284194935991,88.8
22000,-694451.9627574156,145412.26245900366,-549039.700298412,310.85057868606435,539.5515648991501,88.9
22500,-693963.4945340818,145025.7277480053,-548937.7667860765,310.02427603067474,539.8819262780623,89
23000,-693071.1043273625,145409.06778161216,-547662.0365457503,310.84374936301367,540.7391112540043,89.2
23500,-694861.6886167675,145050.40754983388,-549811.2810669336,310.0770345157608,540.3921260041153,89.3
24000,-695170.2598800431,145323.3437055658,-549846.9161744773,310.6604953636899,540.2148956919048,89.4
24500,-694172.1572912661,145357.7945813097,-548814.3627099565,310.7341416606399,538.9577009967838,89.6
25000,-694493.4764166535,144157.1823984324,-550336.2940182211,308.1675700007693,537.916102186008,88.8
25500,-694397.2607863406,143628.91483976116,-550768.3459465795,307.0382823221574,539.4448385379162,88.9
26000,-695514.125211508,145123.87121039385,-550390.2540011142,310.23407919006326,540.0988856981375,89
26500,-695249.2433093991,145364.3229000098,-549884.9204093893,310.74809737256857,539.3134963781699,89.2
27000,-694481.040786956,144884.02887214592,-549597.01191481,309.7213636296489,539.8422527059225,89.3
27500,-694160.2789437766,144745.1022851577,-549415.176658619,309.42437760364345,540.6820686163235,89.4
28000,-693620.6867723232,144154.44224339485,-549466.2445289283,308.16171231886057,540.425920862396,89.6
28500,-693635.1593466289,144140.56417438888,-549494.59517224,308.1320449049259,540.3960535298205,89.7
29000,-693791.4621849498,145266.17646271747,-548525.2857222323,310.5382878536712,539.9197433174102,89.8
29500,-693558.2616218645,146334.88160105224,-547223.3800208123,312.82287929787486,540.5501025521752,89.9
30000,-694337.2467751931,144319.63694406557,-550017.6098311276,308.5148521946248,541.0224163898323,89.6
30500,-694417.0463768048,144253.92707061846,-550163.1193061863,308.37438293954955,540.0424405233337,89.7
31000,-694553.1407178305,144351.44373384165,-550201.6969839889,308.5828461783566,539.2937965648644,89.8
31500,-695115.1535125878,144618.70611721452,-550496.4473953733,309.15417809443824,541.2367858925463,89.9
32000,-696492.3308390505,144732.9973051988,-551759.3335338517,309.39850055612646,540.1718607568806,90
32500,-694498.5408606152,144018.5869313645,-550479.9539292507,307.87129181615967,540.9828664945005,90.1
33000,-694879.9841621751,145896.08641422994,-548983.8977479452,311.88485842231887,541.7648483522465,90.2
33500,-694425.1327342801,145483.9420813311,-548941.190652949,311.0038095876657,540.7017089273788,90.3
34000,-694034.3036603248,144668.5715718877,-549365.7320884371,309.2607764320163,540.9475289308502,90.4
34500,-693553.1442446713,144519.0422264362,-549034.1020182351,308.94112468615856,539.7614569296268,90.5
35000,-694218.5173267415,145494.30883586546,-548724.208490876,311.0259707973987,540.8179882828597,89.7
35500,-692670.5199941844,145105.23345538077,-547565.2865388036,310.19423690418415,540.6161162925293,89.8
36000,-693924.198387214,145523.15487070155,-548401.0435165125,311.08763551858493,541.2980530725786,89.9
36500,-693631.0344036543,144646.2710347796,-548984.7633688747,309.21310414669574,540.580610473972,90
37000,-693363.8816721998,145217.8905279088,-548145.991144291,310.43506608596164,540.8698223635212,90.1
37500,-693045.8753776788,144519.35243144844,-548526.5229462304,308.9417878173549,541.8806918778365,90.2
38000,-693718.1277819839,144907.35146311414,-548810.7763188698,309.77122077908274,542.0153221977927,90.3
38500,-693411.3992981645,145850.836225803,-547560.5630723615,311.7881262277962,542.1812039190465,90.3
39000,-693521.7623700462,145541.53164458982,-547980.2307254564,311.1269199001148,541.6936217077623,90.4
39500,-693300.12046305,145450.92328908935,-547849.1971739606,310.93322468304837,542.1850987336612,90.5
40000,-692607.060437223,145475.26625330705,-547131.794183916,310.98526310392185,542.2945333554817,90.3
40500,-692987.8567797728,145344.81695501442,-547643.0398247584,310.70639914033495,541.5461046731259,90.4
41000,-693104.0107234642,146022.7796898496,-547081.2310336146,312.15569306429484,541.4916768301904,90.4
41500,-693521.47910826,144848.04084325093,-548673.4382650091,309.6444313309651,542.1366598127972,90.5
42000,-693197.976147125,145602.538550026,-547595.437597099,311.2573355303923,541.9008270020051,90.6
42500,-694492.4476101128,145112.3239006542,-549380.1237094586,310.2093942848556,540.5922648968638,90.7
43000,-695310.8235268616,144546.24553600757,-550764.577990854,308.9992777220817,540.0388022386653,90.8
43500,-694380.0418078098,144610.4380635103,-549769.6037442996,309.13650331766837,539.7082411902354,90.8
44000,-694432.7174151116,144961.5441194098,-549471.1732957019,309.8870694584525,540.0530221836353,90.9
44500,-694765.2283676965,144144.13211418645,-550621.0962535101,308.13967215817144,539.9175757032464,91
45000,-695898.3311001323,144567.39212728082,-551330.9389728515,309.0444831952884,539.8703329286096,90.5
45500,-695317.1121063451,144678.11955953873,-550638.9925468063,309.28118734810016,540.6373202420765,90.6
46000,-694420.7438606024,145529.18792722857,-548891.5559333737,311.10053249908,540.0494781759205,90.6
46500,-693874.0178069449,145440.4913141422,-548433.5264928027,310.91092405038967,540.8515239742575,90.7
47000,-694850.9453550186,145510.72060582333,-549340.2247491953,311.0610545523888,541.6015517717963,90.8
47500,-693612.0429414962,145537.06957241916,-548074.9733690771,311.11738124296903,541.8580848977635,90.8
48000,-694596.243250425,145401.00927519423,-549195.2339752307,310.8265225394914,541.0228904511546,90.9
48500,-695548.8107841103,145397.64052382452,-550151.1702602858,310.81932109516333,539.9735149243495,90.9
49000,-695757.0041845064,145030.61752902897,-550726.3866554773,310.03472900922793,540.2491848556708,91
49500,-694891.7621974582,144363.93132827425,-550527.8308691839,308.6095411481626,541.3567842330019,91
50000,-695366.5469338805,145819.2686944113,-549547.2782394693,311.72064371129545,540.7132351531598,90.8
