#"Step","Potential Energy (kJ/mole)","Kinetic Energy (kJ/mole)","Total Energy (kJ/mole)","Temperature (K)","Box Volume (nm^3)","Speed (ns/day)"
500,-729177.2126932084,110926.07404169033,-618251.138651518,237.128793157689,648.2297285467621,0
1000,-705565.9626932084,126532.86681568081,-579033.0958775275,270.49173300326214,648.2297285467621,117
1500,-693908.878971057,132514.68220288906,-561394.1967681679,283.27917433222933,648.2458937871903,116
2000,-689031.53338071,136816.50637918676,-552215.0270015233,292.47526627107004,647.7819662389028,116
2500,-685109.7271883478,137384.37851802877,-547725.3486703191,293.6892174192994,647.7928009000082,115
3000,-683007.2267405321,139025.9678472135,-543981.2588933186,297.1984743713106,647.4556330915331,115
3500,-682575.5653793714,139397.52289746286,-543178.0424819086,297.9927547189966,647.2460113657033,114
4000,-681979.9028271721,140281.82986944937,-541698.0729577227,299.8831546710339,645.4536083166779,114
4500,-682605.7657425241,139629.87943721737,-542975.8863053067,298.4894677445886,642.7158210717669,114
5000,-682681.0886489418,138506.08446947916,-544175.0041794627,296.0871097168782,641.7070845921589,106
5500,-683696.3515010099,139795.17419821434,-543901.1773027956,298.84282152122876,640.8071636547998,106
6000,-683892.9109646925,140301.88809975924,-543591.0228649332,299.92603353416274,640.1833391703154,107
6500,-682911.9686172535,139610.03599531495,-543301.9326219385,298.4470480387523,639.8431144231085,107
7000,-683034.748644135,139743.96114308806,-543290.7875010469,298.7333423923501,638.7576576078001,107
7500,-685060.3097301126,139501.54949262989,-545558.7602374826,298.21513436401125,637.5766690115969,107
8000,-685191.8320335587,140161.64574846998,-545030.1862850888,299.62623477360876,635.9423498182683,108
8500,-685104.8517093253,139569.16151029168,-545535.6901990336,298.359669869208,634.8256963580758,108
9000,-686192.3944238345,140893.9956962336,-545298.3987276009,301.19179328437883,634.447662199214,108
9500,-685725.468256468,139704.47797929903,-546020.9902771689,298.64893847685755,633.3262657076313,108
10000,-686619.8284157361,139001.84682082938,-547617.9815949067,297.146910391195,630.6906854562465,106
10500,-688478.0395009965,138478.26079427695,-549999.7787067195,296.02763051346363,628.2852988880638,106
11000,-689064.0001834733,139917.33694329963,-549146.6632401737,299.1039711613036,627.7487520246349,106
11500,-689093.5143520427,139686.75913834912,-549406.7552136936,298.6110605711721,627.0227499966791,106
12000,-689963.0612103818,140907.28299103168,-549055.7782193501,301.2201977889737,626.1123552181297,107
12500,-687663.7876423923,139180.35502429586,-548483.4326180965,297.52851079689265,625.756549741725,107
13000,-688799.2484858669,139704.20576078293,-549095.042725084,298.64835655012155,625.5837207648376,107
13500,-688470.643120999,139294.88190537016,-549175.7612156288,297.77333710421385,625.0187554031273,107
14000,-688433.0152566726,139427.90554581454,-549005.1097108581,298.0577042883275,624.0559541996492,107
14500,-688870.7671753657,139758.27632549612,-549112.4908498696,298.7639442319769,623.1621666329047,107
15000,-689234.2811639197,139804.4137189538,-549429.867444966,298.86257302168735,621.7798876449159,104
15500,-690940.9388790596,139531.87729464486,-551409.0615844148,298.27996668727764,621.0421778185504,104
16000,-690772.2058891733,139543.34960550076,-551228.8562836726,298.304491265935,620.1543291992598,105
16500,-689943.157170556,139296.43572610634,-550646.7214444496,297.77665873656343,619.7214541548517,105
17000,-690481.6109840306,139304.6215584243,-551176.9894256063,297.794157747101,618.9805022660238,105
17500,-690796.7423753417,138430.04754424974,-552366.6948310919,295.92456412540355,617.4646985069749,105
18000,-691077.8081982895,139459.99175727996,-551617.8164410095,298.12629559715657,616.3166024140762,105
18500,-691604.236155306,139606.16085519182,-551998.0753001142,298.43876407748667,615.2837045073367,105
19000,-691358.906162228,139543.41227025422,-551815.4938919737,298.3046252255788,613.8658085855549,105
19500,-692301.693578749,139510.60526367032,-552791.0883150786,298.2344930592187,611.3160175092962,105
20000,-690706.3637788272,139094.9341526091,-551611.4296262182,297.34590496333584,611.4585386369695,104
20500,-691356.3643893707,138717.6730844099,-552638.6913049608,296.53942675178547,610.857746876777,104
21000,-692700.963861879,139752.076598976,-552948.8872629029,298.7506909578453,610.2412178106816,104
21500,-693693.7162385834,139490.2667126702,-554203.4495259132,298.19101494918107,609.0880000680083,104
22000,-693210.4558843444,139053.61439639796,-554156.8414879465,297.25757492904444,607.4322525077295,104
22500,-694011.6652488331,140429.69964272785,-553581.9656061053,300.1992587176699,605.4114231974198,104
23000,-692472.5152214323,139490.71076224517,-552981.8044591872,298.19196420246277,604.2180561143541,104
23500,-692771.6987347957,140401.28309964028,-552370.4156351554,300.13851212922094,602.5145959562321,104
24000,-692971.4326661793,140045.6025754013,-552925.830090778,299.3781670598482,601.8091832641675,104
24500,-693216.8744347971,139098.34031284717,-554118.5341219499,297.3531863773184,600.4904552858619,104
25000,-692227.8386890055,138897.78374149807,-553330.0549475073,296.92445275328356,600.2479471326601,103
25500,-692865.7008808982,139252.1307807857,-553613.5701001125,297.68194720633426,598.4550607471654,103
26000,-692992.6156313284,139167.76200782193,-553824.8536235065,297.5015904643696,597.852580063541,103
26500,-692237.7805458391,139168.99440561153,-553068.7861402276,297.5042249847298,597.3742369896233,103
27000,-693306.2819950813,138980.11066380347,-554326.1713312778,297.1004445919862,597.2920253602058,103
27500,-693542.4653469506,139783.5629328702,-553758.9024140803,298.81799989690035,595.871986738427,103
28000,-693302.2081173849,139210.14154345824,-554092.0665739267,297.5921860094373,595.1399053942015,103
28500,-694811.5681077391,139613.39354596366,-555198.1745617754,298.45422553908463,592.9331424308677,103
29000,-694606.8928856128,139787.07189674833,-554819.8209888644,298.82550107619335,591.551187097423,103
29500,-694451.8758402863,138969.30027510796,-555482.5755651783,297.07733501700955,590.83125222812,103
30000,-696202.9161313982,140003.36893448106,-556199.5471969171,299.2878833967095,590.1839061053599,102
30500,-694136.4155095369,138878.61729588237,-555257.7982136544,296.88348027537666,589.2252826669584,102
31000,-693969.3935113656,139198.70024303743,-554770.6932683282,297.56772772238094,589.348463424856,102
31500,-695324.3819816597,140244.46038548916,-555079.9215961705,299.80326920939683,589.1110077591793,102
32000,-694552.4396749912,140053.91442933166,-554498.5252456595,299.3959354692004,588.50443638135,102
32500,-694500.5375153455,140324.81942614465,-554175.7180892008,299.97505426980365,586.7040938215445,102
33000,-694182.4571504304,139753.96794228954,-554428.4892081409,298.7547341186734,586.5191564085449,102
33500,-695230.396734714,140988.61864189897,-554241.7780928151,301.39407056773626,586.3706780146716,101
34000,-693965.7458631909,138714.4002229369,-555251.345640254,296.5324302931262,584.504643423134,101
34500,-695062.6979516884,138647.6935582084,-556415.00439348,296.3898301782362,583.2198958123694,99.9
35000,-696553.858951299,140014.52538894367,-556539.3335623553,299.311732763105,581.7527286889784,97.5
35500,-695261.5278537255,139287.1230121388,-555974.4048415867,297.7567507695392,580.0210562018102,97.5
36000,-695541.4907064675,138881.30844890582,-556660.1822575617,296.88923320474123,579.6019993691157,97.5
36500,-693702.4719403335,138782.71626026463,-554919.7556800689,296.67847079464747,579.6820868149285,97.4
37000,-694296.4749728176,139259.9622459361,-555036.5127268815,297.6986886793903,578.7566864501933,97.2
37500,-694430.4080524673,139071.76795353967,-555358.6400989275,297.2963821358597,578.4208849441414,97.2
38000,-694331.5456420993,139723.31466042565,-554608.2309816737,298.6892060108998,577.9005763978906,97.2
38500,-695727.6693563159,139115.54112559784,-556612.128230718,297.3899568842,576.809475098044,97
39000,-694934.8913237597,138985.57221369667,-555949.319110063,297.11211985180347,575.4411350120512,97
39500,-696026.9802347296,139299.74245111534,-556727.2377836143,297.78372758595225,574.5920312495922,97.1
40000,-695727.9656699765,138349.81331555714,-557378.1523544195,295.7530458779204,574.3288822395125,95.5
40500,-695822.3813362382,139269.5415847773,-556552.8397514609,297.7191666155138,573.5092367782363,94.6
41000,-696242.8633071054,139320.5411997625,-556922.3221073429,297.8281894693146,573.2853522924528,94.4
41500,-696604.1856337409,139455.8827939427,-557148.3028397982,298.1175117875274,572.1817134203692,94.3
42000,-695820.7577427425,139315.60686566372,-556505.1508770788,297.8176412487994,571.8701710738053,94.1
42500,-696025.7518234393,140309.17197023786,-555716.5798532014,299.94160440360025,571.3456024198971,94.1
43000,-695529.3465507845,140143.2289437456,-555386.1176070389,299.58686481739386,569.7608757430875,94.1
43500,-694202.4661687738,139803.816702245,-554398.6494665288,298.8612967676337,568.961056909153,94.1
44000,-694938.9346761527,138599.08139376057,-556339.853282392,296.2859110231783,567.6671842329388,93.9
44500,-696234.8477849173,138730.42368814195,-557504.4240967754,296.5666839616086,566.7191950352874,94
45000,-697190.4648551187,140486.633114113,-556703.8317410056,300.32096648995406,566.2227393692085,93.5
45500,-697202.3845716622,139883.3719013074,-557319.0126703548,299.0313634404702,565.021768298117,93.5
46000,-697627.3207114614,140020.02950027504,-557607.2912111863,299.32349900732385,564.1523300180095,93.5
46500,-696235.4079448953,138818.96584266238,-557416.442102233,296.7559622212639,564.1761339866358,93.6
47000,-697781.1209366163,139853.19829256274,-557927.9226440536,298.9668607391112,563.5241657951331,93.6
47500,-697465.4352009632,139797.21895191487,-557668.2162490482,298.8471926303796,563.259562799977,93.6
48000,-696922.2927204706,139090.3923961757,-557831.9003242948,297.33619596361535,562.3343025118528,93.7
48500,-696862.5618470297,139973.75367502787,-556888.8081720019,299.2245742893255,561.3524733614577,93.7
49000,-696965.8024965925,139392.13246739894,-557573.6700291936,297.9812314934007,560.0176833347272,93.6
49500,-697500.0120788151,139598.61135775177,-557901.4007210634,298.4226253722059,559.2679658266518,93.5
50000,-696714.3853411064,139344.7536044718,-557369.6317366346,297.87994879062626,558.676003599408,93.1
