AutoDock Vina v1.2.5
#################################################################
# If you used AutoDock Vina in your work, please cite:          #
#                                                               #
# J. Eberhardt, D. Santos-Martins, A. F. Tillack, and S. Forli  #
# AutoDock Vina 1.2.0: New Docking Methods, Expanded Force      #
# Field, and Python Bindings, J. Chem. Inf. Model. (2021)       #
# DOI 10.1021/acs.jcim.1c00203                                  #
#                                                               #
# O. Trott, A. J. Olson,                                        #
# AutoDock Vina: improving the speed and accuracy of docking    #
# with a new scoring function, efficient optimization and       #
# multithreading, J. Comp. Chem. (2010)                         #
# DOI 10.1002/jcc.21334                                         #
#                                                               #
# Please see https://github.com/ccsb-scripps/AutoDock-Vina for  #
# more information.                                             #
#################################################################

Scoring function : vina
Rigid receptor: /content/UEM/DOCKING/4PH9_prot_A.pdbqt
Ligand: /content/UEM/DOCKING/Fluorbiprofeno/Fluorbiprofeno.pdbqt
Grid center: X 13.01 Y 23.49 Z 25.26
Grid size  : X 22.5 Y 22.5 Z 22.5
Grid space : 0.375
Exhaustiveness: 16
CPU: 2
Verbosity: 2

Computing Vina grid ... done.
Performing docking (random seed: 284113672) ... 
0%   10   20   30   40   50   60   70   80   90   100%
|----|----|----|----|----|----|----|----|----|----|
***************************************************
done.
ENERGY FROM SEARCH: -11.0888
FINAL ENERGY: 
Estimated Free Energy of Binding   : -8.816 (kcal/mol) [=(1)+(2)+(3)-(4)]
(1) Final Intermolecular Energy    : -10.620 (kcal/mol)
    Ligand - Receptor              : -10.620 (kcal/mol)
    Ligand - Flex side chains      : 0.000 (kcal/mol)
(2) Final Total Internal Energy    : -0.469 (kcal/mol)
    Ligand                         : -0.469 (kcal/mol)
    Flex   - Receptor              : 0.000 (kcal/mol)
    Flex   - Flex side chains      : 0.000 (kcal/mol)
(3) Torsional Free Energy          : 1.804 (kcal/mol)
(4) Unbound System's Energy        : -0.469 (kcal/mol)
ENERGY FROM SEARCH: -11.081
FINAL ENERGY: 
Estimated Free Energy of Binding   : -8.810 (kcal/mol) [=(1)+(2)+(3)-(4)]
(1) Final Intermolecular Energy    : -10.542 (kcal/mol)
    Ligand - Receptor              : -10.542 (kcal/mol)
    Ligand - Flex side chains      : 0.000 (kcal/mol)
(2) Final Total Internal Energy    : -0.539 (kcal/mol)
    Ligand                         : -0.539 (kcal/mol)
    Flex   - Receptor              : 0.000 (kcal/mol)
    Flex   - Flex side chains      : 0.000 (kcal/mol)
(3) Torsional Free Energy          : 1.803 (kcal/mol)
(4) Unbound System's Energy        : -0.469 (kcal/mol)
ENERGY FROM SEARCH: -10.618
FINAL ENERGY: 
Estimated Free Energy of Binding   : -8.426 (kcal/mol) [=(1)+(2)+(3)-(4)]
(1) Final Intermolecular Energy    : -10.232 (kcal/mol)
    Ligand - Receptor              : -10.232 (kcal/mol)
    Ligand - Flex side chains      : 0.000 (kcal/mol)
(2) Final Total Internal Energy    : -0.387 (kcal/mol)
    Ligand                         : -0.387 (kcal/mol)
    Flex   - Receptor              : 0.000 (kcal/mol)
    Flex   - Flex side chains      : 0.000 (kcal/mol)
(3) Torsional Free Energy          : 1.724 (kcal/mol)
(4) Unbound System's Energy        : -0.469 (kcal/mol)
ENERGY FROM SEARCH: -10.594
FINAL ENERGY: 
Estimated Free Energy of Binding   : -8.406 (kcal/mol) [=(1)+(2)+(3)-(4)]
(1) Final Intermolecular Energy    : -10.215 (kcal/mol)
    Ligand - Receptor              : -10.215 (kcal/mol)
    Ligand - Flex side chains      : 0.000 (kcal/mol)
(2) Final Total Internal Energy    : -0.379 (kcal/mol)
    Ligand                         : -0.379 (kcal/mol)
    Flex   - Receptor              : 0.000 (kcal/mol)
    Flex   - Flex side chains      : 0.000 (kcal/mol)
(3) Torsional Free Energy          : 1.720 (kcal/mol)
(4) Unbound System's Energy        : -0.469 (kcal/mol)
ENERGY FROM SEARCH: -10.436
FINAL ENERGY: 
Estimated Free Energy of Binding   : -8.274 (kcal/mol) [=(1)+(2)+(3)-(4)]
(1) Final Intermolecular Energy    : -10.031 (kcal/mol)
    Ligand - Receptor              : -10.031 (kcal/mol)
    Ligand - Flex side chains      : 0.000 (kcal/mol)
(2) Final Total Internal Energy    : -0.405 (kcal/mol)
    Ligand                         : -0.405 (kcal/mol)
    Flex   - Receptor              : 0.000 (kcal/mol)
    Flex   - Flex side chains      : 0.000 (kcal/mol)
(3) Torsional Free Energy          : 1.693 (kcal/mol)
(4) Unbound System's Energy        : -0.469 (kcal/mol)
ENERGY FROM SEARCH: -9.740
FINAL ENERGY: 
Estimated Free Energy of Binding   : -7.697 (kcal/mol) [=(1)+(2)+(3)-(4)]
(1) Final Intermolecular Energy    : -9.407 (kcal/mol)
    Ligand - Receptor              : -9.407 (kcal/mol)
    Ligand - Flex side chains      : 0.000 (kcal/mol)
(2) Final Total Internal Energy    : -0.333 (kcal/mol)
    Ligand                         : -0.333 (kcal/mol)
    Flex   - Receptor              : 0.000 (kcal/mol)
    Flex   - Flex side chains      : 0.000 (kcal/mol)
(3) Torsional Free Energy          : 1.575 (kcal/mol)
(4) Unbound System's Energy        : -0.469 (kcal/mol)
ENERGY FROM SEARCH: -9.412
FINAL ENERGY: 
Estimated Free Energy of Binding   : -7.424 (kcal/mol) [=(1)+(2)+(3)-(4)]
(1) Final Intermolecular Energy    : -8.966 (kcal/mol)
    Ligand - Receptor              : -8.966 (kcal/mol)
    Ligand - Flex side chains      : 0.000 (kcal/mol)
(2) Final Total Internal Energy    : -0.446 (kcal/mol)
    Ligand                         : -0.446 (kcal/mol)
    Flex   - Receptor              : 0.000 (kcal/mol)
    Flex   - Flex side chains      : 0.000 (kcal/mol)
(3) Torsional Free Energy          : 1.519 (kcal/mol)
(4) Unbound System's Energy        : -0.469 (kcal/mol)
ENERGY FROM SEARCH: -8.960
FINAL ENERGY: 
Estimated Free Energy of Binding   : -7.049 (kcal/mol) [=(1)+(2)+(3)-(4)]
(1) Final Intermolecular Energy    : -8.366 (kcal/mol)
    Ligand - Receptor              : -8.366 (kcal/mol)
    Ligand - Flex side chains      : 0.000 (kcal/mol)
(2) Final Total Internal Energy    : -0.594 (kcal/mol)
    Ligand                         : -0.594 (kcal/mol)
    Flex   - Receptor              : 0.000 (kcal/mol)
    Flex   - Flex side chains      : 0.000 (kcal/mol)
(3) Torsional Free Energy          : 1.442 (kcal/mol)
(4) Unbound System's Energy        : -0.469 (kcal/mol)
ENERGY FROM SEARCH: -8.918
FINAL ENERGY: 
Estimated Free Energy of Binding   : -7.014 (kcal/mol) [=(1)+(2)+(3)-(4)]
(1) Final Intermolecular Energy    : -8.624 (kcal/mol)
    Ligand - Receptor              : -8.624 (kcal/mol)
    Ligand - Flex side chains      : 0.000 (kcal/mol)
(2) Final Total Internal Energy    : -0.294 (kcal/mol)
    Ligand                         : -0.294 (kcal/mol)
    Flex   - Receptor              : 0.000 (kcal/mol)
    Flex   - Flex side chains      : 0.000 (kcal/mol)
(3) Torsional Free Energy          : 1.435 (kcal/mol)
(4) Unbound System's Energy        : -0.469 (kcal/mol)

mode |   affinity | dist from best mode
     | (kcal/mol) | rmsd l.b.| rmsd u.b.
-----+------------+----------+----------
   1      -8.8163     0.0000     0.0000
   2      -8.8099     1.1823     1.6404
   3      -8.4257     3.3048     6.6464
   4      -8.4059     3.3075     6.5622
   5      -8.2745     3.5408     6.8637
   6      -7.6965     4.2565     5.3275
   7      -7.4244     1.6502     2.2132
   8      -7.0495    10.2397    12.5763
   9      -7.0142     4.6550     6.5127
