AutoDock Vina v1.2.5
#################################################################
# If you used AutoDock Vina in your work, please cite:          #
#                                                               #
# J. Eberhardt, D. Santos-Martins, A. F. Tillack, and S. Forli  #
# AutoDock Vina 1.2.0: New Docking Methods, Expanded Force      #
# Field, and Python Bindings, J. Chem. Inf. Model. (2021)       #
# DOI 10.1021/acs.jcim.1c00203                                  #
#                                                               #
# O. Trott, A. J. Olson,                                        #
# AutoDock Vina: improving the speed and accuracy of docking    #
# with a new scoring function, efficient optimization and       #
# multithreading, J. Comp. Chem. (2010)                         #
# DOI 10.1002/jcc.21334                                         #
#                                                               #
# Please see https://github.com/ccsb-scripps/AutoDock-Vina for  #
# more information.                                             #
#################################################################

Scoring function : vina
Rigid receptor: /content/UEM/DOCKING/4PH9_prot_A.pdbqt
Ligand: /content/UEM/DOCKING/Ibuprofeno/Ibuprofeno.pdbqt
Grid center: X 13.01 Y 23.49 Z 25.26
Grid size  : X 22.5 Y 22.5 Z 22.5
Grid space : 0.375
Exhaustiveness: 16
CPU: 2
Verbosity: 2

Computing Vina grid ... done.
Performing docking (random seed: -896822567) ... 
0%   10   20   30   40   50   60   70   80   90   100%
|----|----|----|----|----|----|----|----|----|----|
***************************************************
done.
ENERGY FROM SEARCH: -9.73857
FINAL ENERGY: 
Estimated Free Energy of Binding   : -7.277 (kcal/mol) [=(1)+(2)+(3)-(4)]
(1) Final Intermolecular Energy    : -9.192 (kcal/mol)
    Ligand - Receptor              : -9.192 (kcal/mol)
    Ligand - Flex side chains      : 0.000 (kcal/mol)
(2) Final Total Internal Energy    : -0.547 (kcal/mol)
    Ligand                         : -0.547 (kcal/mol)
    Flex   - Receptor              : 0.000 (kcal/mol)
    Flex   - Flex side chains      : 0.000 (kcal/mol)
(3) Torsional Free Energy          : 1.914 (kcal/mol)
(4) Unbound System's Energy        : -0.547 (kcal/mol)
ENERGY FROM SEARCH: -9.522
FINAL ENERGY: 
Estimated Free Energy of Binding   : -7.106 (kcal/mol) [=(1)+(2)+(3)-(4)]
(1) Final Intermolecular Energy    : -9.035 (kcal/mol)
    Ligand - Receptor              : -9.035 (kcal/mol)
    Ligand - Flex side chains      : 0.000 (kcal/mol)
(2) Final Total Internal Energy    : -0.487 (kcal/mol)
    Ligand                         : -0.487 (kcal/mol)
    Flex   - Receptor              : 0.000 (kcal/mol)
    Flex   - Flex side chains      : 0.000 (kcal/mol)
(3) Torsional Free Energy          : 1.869 (kcal/mol)
(4) Unbound System's Energy        : -0.547 (kcal/mol)
ENERGY FROM SEARCH: -9.490
FINAL ENERGY: 
Estimated Free Energy of Binding   : -7.080 (kcal/mol) [=(1)+(2)+(3)-(4)]
(1) Final Intermolecular Energy    : -9.112 (kcal/mol)
    Ligand - Receptor              : -9.112 (kcal/mol)
    Ligand - Flex side chains      : 0.000 (kcal/mol)
(2) Final Total Internal Energy    : -0.378 (kcal/mol)
    Ligand                         : -0.378 (kcal/mol)
    Flex   - Receptor              : 0.000 (kcal/mol)
    Flex   - Flex side chains      : 0.000 (kcal/mol)
(3) Torsional Free Energy          : 1.863 (kcal/mol)
(4) Unbound System's Energy        : -0.547 (kcal/mol)
ENERGY FROM SEARCH: -9.417
FINAL ENERGY: 
Estimated Free Energy of Binding   : -7.023 (kcal/mol) [=(1)+(2)+(3)-(4)]
(1) Final Intermolecular Energy    : -9.245 (kcal/mol)
    Ligand - Receptor              : -9.245 (kcal/mol)
    Ligand - Flex side chains      : 0.000 (kcal/mol)
(2) Final Total Internal Energy    : -0.172 (kcal/mol)
    Ligand                         : -0.172 (kcal/mol)
    Flex   - Receptor              : 0.000 (kcal/mol)
    Flex   - Flex side chains      : 0.000 (kcal/mol)
(3) Torsional Free Energy          : 1.847 (kcal/mol)
(4) Unbound System's Energy        : -0.547 (kcal/mol)
ENERGY FROM SEARCH: -9.397
FINAL ENERGY: 
Estimated Free Energy of Binding   : -7.006 (kcal/mol) [=(1)+(2)+(3)-(4)]
(1) Final Intermolecular Energy    : -8.870 (kcal/mol)
    Ligand - Receptor              : -8.870 (kcal/mol)
    Ligand - Flex side chains      : 0.000 (kcal/mol)
(2) Final Total Internal Energy    : -0.526 (kcal/mol)
    Ligand                         : -0.526 (kcal/mol)
    Flex   - Receptor              : 0.000 (kcal/mol)
    Flex   - Flex side chains      : 0.000 (kcal/mol)
(3) Torsional Free Energy          : 1.843 (kcal/mol)
(4) Unbound System's Energy        : -0.547 (kcal/mol)
ENERGY FROM SEARCH: -8.727
FINAL ENERGY: 
Estimated Free Energy of Binding   : -6.476 (kcal/mol) [=(1)+(2)+(3)-(4)]
(1) Final Intermolecular Energy    : -8.562 (kcal/mol)
    Ligand - Receptor              : -8.562 (kcal/mol)
    Ligand - Flex side chains      : 0.000 (kcal/mol)
(2) Final Total Internal Energy    : -0.165 (kcal/mol)
    Ligand                         : -0.165 (kcal/mol)
    Flex   - Receptor              : 0.000 (kcal/mol)
    Flex   - Flex side chains      : 0.000 (kcal/mol)
(3) Torsional Free Energy          : 1.704 (kcal/mol)
(4) Unbound System's Energy        : -0.547 (kcal/mol)
ENERGY FROM SEARCH: -8.721
FINAL ENERGY: 
Estimated Free Energy of Binding   : -6.472 (kcal/mol) [=(1)+(2)+(3)-(4)]
(1) Final Intermolecular Energy    : -8.186 (kcal/mol)
    Ligand - Receptor              : -8.186 (kcal/mol)
    Ligand - Flex side chains      : 0.000 (kcal/mol)
(2) Final Total Internal Energy    : -0.535 (kcal/mol)
    Ligand                         : -0.535 (kcal/mol)
    Flex   - Receptor              : 0.000 (kcal/mol)
    Flex   - Flex side chains      : 0.000 (kcal/mol)
(3) Torsional Free Energy          : 1.703 (kcal/mol)
(4) Unbound System's Energy        : -0.547 (kcal/mol)
ENERGY FROM SEARCH: -8.011
FINAL ENERGY: 
Estimated Free Energy of Binding   : -5.910 (kcal/mol) [=(1)+(2)+(3)-(4)]
(1) Final Intermolecular Energy    : -7.505 (kcal/mol)
    Ligand - Receptor              : -7.505 (kcal/mol)
    Ligand - Flex side chains      : 0.000 (kcal/mol)
(2) Final Total Internal Energy    : -0.506 (kcal/mol)
    Ligand                         : -0.506 (kcal/mol)
    Flex   - Receptor              : 0.000 (kcal/mol)
    Flex   - Flex side chains      : 0.000 (kcal/mol)
(3) Torsional Free Energy          : 1.555 (kcal/mol)
(4) Unbound System's Energy        : -0.547 (kcal/mol)
ENERGY FROM SEARCH: -7.803
FINAL ENERGY: 
Estimated Free Energy of Binding   : -5.744 (kcal/mol) [=(1)+(2)+(3)-(4)]
(1) Final Intermolecular Energy    : -7.304 (kcal/mol)
    Ligand - Receptor              : -7.304 (kcal/mol)
    Ligand - Flex side chains      : 0.000 (kcal/mol)
(2) Final Total Internal Energy    : -0.498 (kcal/mol)
    Ligand                         : -0.498 (kcal/mol)
    Flex   - Receptor              : 0.000 (kcal/mol)
    Flex   - Flex side chains      : 0.000 (kcal/mol)
(3) Torsional Free Energy          : 1.511 (kcal/mol)
(4) Unbound System's Energy        : -0.547 (kcal/mol)

mode |   affinity | dist from best mode
     | (kcal/mol) | rmsd l.b.| rmsd u.b.
-----+------------+----------+----------
   1      -7.2773     0.0000     0.0000
   2      -7.1061     1.0080     1.8434
   3      -7.0804     1.2630     2.0891
   4      -7.0226     2.9834     6.0365
   5      -7.0065     0.7852     1.9681
   6      -6.4761     3.6367     5.4825
   7      -6.4719     3.4000     6.2409
   8      -5.9097     9.8912    11.5219
   9      -5.7444    10.7709    12.2611
